# JRE version: OpenJDK Runtime Environment Temurin-21.0.8+9 (21.0.8+9) (build 21.0.8+9-LTS)
# Java VM: OpenJDK 64-Bit Server VM Temurin-21.0.8+9 (21.0.8+9-LTS, mixed mode, sharing, tiered, compressed oops, compressed class ptrs, parallel gc, windows-amd64)
GC Precious Log:
 CardTable entry size: 512
 CPUs: 6 total, 6 available
 Memory: 7864M
 Large Page Support: Disabled
 NUMA Support: Disabled
 Compressed Oops: Enabled (32-bit)
 Alignments: Space 512K, Generation 512K, Heap 2M
 Heap Min Capacity: 100M
 Heap Initial Capacity: 100M
 Heap Max Capacity: 2G
 Pre-touch: Disabled
 Parallel Workers: 6
Heap:
 PSYoungGen      total 19456K, used 11411K [0x00000000d5580000, 0x00000000d6d00000, 0x0000000100000000)
  eden space 18944K, 57% used [0x00000000d5580000,0x00000000d602c650,0x00000000d6800000)
  from space 512K, 94% used [0x00000000d6c00000,0x00000000d6c786e8,0x00000000d6c80000)
  to   space 512K, 0% used [0x00000000d6c80000,0x00000000d6c80000,0x00000000d6d00000)
 ParOldGen       total 68608K, used 39266K [0x0000000080000000, 0x0000000084300000, 0x00000000d5580000)
  object space 68608K, 57% used [0x0000000080000000,0x0000000082658830,0x0000000084300000)
 Metaspace       used 59100K, committed 60416K, reserved 1114112K
  class space    used 7428K, committed 8000K, reserved 1048576K
GC Heap History (20 events):
Event: 17.921 GC heap before
{Heap before GC invocations=29 (full 2):
 PSYoungGen      total 19968K, used 19542K [0x00000000d5580000, 0x00000000d6d80000, 0x0000000100000000)
  eden space 18944K, 100% used [0x00000000d5580000,0x00000000d6800000,0x00000000d6800000)
  from space 1024K, 58% used [0x00000000d6c80000,0x00000000d6d15ba8,0x00000000d6d80000)
  to   space 1024K, 0% used [0x00000000d6b80000,0x00000000d6b80000,0x00000000d6c80000)
 ParOldGen       total 68608K, used 39119K [0x0000000080000000, 0x0000000084300000, 0x00000000d5580000)
  object space 68608K, 57% used [0x0000000080000000,0x0000000082633e28,0x0000000084300000)
 Metaspace       used 54727K, committed 56000K, reserved 1114112K
  class space    used 6514K, committed 7040K, reserved 1048576K
}
Event: 17.924 GC heap after
{Heap after GC invocations=29 (full 2):
 PSYoungGen      total 19968K, used 924K [0x00000000d5580000, 0x00000000d6d00000, 0x0000000100000000)
  eden space 18944K, 0% used [0x00000000d5580000,0x00000000d5580000,0x00000000d6800000)
  from space 1024K, 90% used [0x00000000d6b80000,0x00000000d6c67018,0x00000000d6c80000)
  to   space 512K, 0% used [0x00000000d6c80000,0x00000000d6c80000,0x00000000d6d00000)
 ParOldGen       total 68608K, used 40194K [0x0000000080000000, 0x0000000084300000, 0x00000000d5580000)
  object space 68608K, 58% used [0x0000000080000000,0x00000000827409c8,0x0000000084300000)
 Metaspace       used 54727K, committed 56000K, reserved 1114112K
  class space    used 6514K, committed 7040K, reserved 1048576K
}
Event: 18.195 GC heap before
{Heap before GC invocations=30 (full 2):
 PSYoungGen      total 19968K, used 19868K [0x00000000d5580000, 0x00000000d6d00000, 0x0000000100000000)
  eden space 18944K, 100% used [0x00000000d5580000,0x00000000d6800000,0x00000000d6800000)
  from space 1024K, 90% used [0x00000000d6b80000,0x00000000d6c67018,0x00000000d6c80000)
  to   space 512K, 0% used [0x00000000d6c80000,0x00000000d6c80000,0x00000000d6d00000)
 ParOldGen       total 68608K, used 40194K [0x0000000080000000, 0x0000000084300000, 0x00000000d5580000)
  object space 68608K, 58% used [0x0000000080000000,0x00000000827409c8,0x0000000084300000)
 Metaspace       used 56061K, committed 57344K, reserved 1114112K
  class space    used 6771K, committed 7296K, reserved 1048576K
}
Event: 18.197 GC heap after
{Heap after GC invocations=30 (full 2):
 PSYoungGen      total 19456K, used 347K [0x00000000d5580000, 0x00000000d6d00000, 0x0000000100000000)
  eden space 18944K, 0% used [0x00000000d5580000,0x00000000d5580000,0x00000000d6800000)
  from space 512K, 67% used [0x00000000d6c80000,0x00000000d6cd6d88,0x00000000d6d00000)
  to   space 1024K, 0% used [0x00000000d6b00000,0x00000000d6b00000,0x00000000d6c00000)
 ParOldGen       total 68608K, used 40816K [0x0000000080000000, 0x0000000084300000, 0x00000000d5580000)
  object space 68608K, 59% used [0x0000000080000000,0x00000000827dc348,0x0000000084300000)
 Metaspace       used 56061K, committed 57344K, reserved 1114112K
  class space    used 6771K, committed 7296K, reserved 1048576K
}
Event: 18.504 GC heap before
{Heap before GC invocations=31 (full 2):
 PSYoungGen      total 19456K, used 19291K [0x00000000d5580000, 0x00000000d6d00000, 0x0000000100000000)
  eden space 18944K, 100% used [0x00000000d5580000,0x00000000d6800000,0x00000000d6800000)
  from space 512K, 67% used [0x00000000d6c80000,0x00000000d6cd6d88,0x00000000d6d00000)
  to   space 1024K, 0% used [0x00000000d6b00000,0x00000000d6b00000,0x00000000d6c00000)
 ParOldGen       total 68608K, used 40816K [0x0000000080000000, 0x0000000084300000, 0x00000000d5580000)
  object space 68608K, 59% used [0x0000000080000000,0x00000000827dc348,0x0000000084300000)
 Metaspace       used 57180K, committed 58432K, reserved 1114112K
  class space    used 7032K, committed 7552K, reserved 1048576K
}
Event: 18.505 GC heap after
{Heap after GC invocations=31 (full 2):
 PSYoungGen      total 19968K, used 384K [0x00000000d5580000, 0x00000000d6d00000, 0x0000000100000000)
  eden space 18944K, 0% used [0x00000000d5580000,0x00000000d5580000,0x00000000d6800000)
  from space 1024K, 37% used [0x00000000d6b00000,0x00000000d6b60000,0x00000000d6c00000)
  to   space 512K, 0% used [0x00000000d6c80000,0x00000000d6c80000,0x00000000d6d00000)
 ParOldGen       total 68608K, used 40928K [0x0000000080000000, 0x0000000084300000, 0x00000000d5580000)
  object space 68608K, 59% used [0x0000000080000000,0x00000000827f8348,0x0000000084300000)
 Metaspace       used 57180K, committed 58432K, reserved 1114112K
  class space    used 7032K, committed 7552K, reserved 1048576K
}
Event: 18.816 GC heap before
{Heap before GC invocations=32 (full 2):
 PSYoungGen      total 19968K, used 19328K [0x00000000d5580000, 0x00000000d6d00000, 0x0000000100000000)
  eden space 18944K, 100% used [0x00000000d5580000,0x00000000d6800000,0x00000000d6800000)
  from space 1024K, 37% used [0x00000000d6b00000,0x00000000d6b60000,0x00000000d6c00000)
  to   space 512K, 0% used [0x00000000d6c80000,0x00000000d6c80000,0x00000000d6d00000)
 ParOldGen       total 68608K, used 40928K [0x0000000080000000, 0x0000000084300000, 0x00000000d5580000)
  object space 68608K, 59% used [0x0000000080000000,0x00000000827f8348,0x0000000084300000)
 Metaspace       used 58031K, committed 59328K, reserved 1114112K
  class space    used 7246K, committed 7808K, reserved 1048576K
}
Event: 18.818 GC heap after
{Heap after GC invocations=32 (full 2):
 PSYoungGen      total 19456K, used 421K [0x00000000d5580000, 0x00000000d6d00000, 0x0000000100000000)
  eden space 18944K, 0% used [0x00000000d5580000,0x00000000d5580000,0x00000000d6800000)
  from space 512K, 82% used [0x00000000d6c80000,0x00000000d6ce9528,0x00000000d6d00000)
  to   space 512K, 0% used [0x00000000d6c00000,0x00000000d6c00000,0x00000000d6c80000)
 ParOldGen       total 68608K, used 41162K [0x0000000080000000, 0x0000000084300000, 0x00000000d5580000)
  object space 68608K, 59% used [0x0000000080000000,0x00000000828329f0,0x0000000084300000)
 Metaspace       used 58031K, committed 59328K, reserved 1114112K
  class space    used 7246K, committed 7808K, reserved 1048576K
}
Event: 18.901 GC heap before
{Heap before GC invocations=33 (full 2):
 PSYoungGen      total 19456K, used 7012K [0x00000000d5580000, 0x00000000d6d00000, 0x0000000100000000)
  eden space 18944K, 34% used [0x00000000d5580000,0x00000000d5befcc0,0x00000000d6800000)
  from space 512K, 82% used [0x00000000d6c80000,0x00000000d6ce9528,0x00000000d6d00000)
  to   space 512K, 0% used [0x00000000d6c00000,0x00000000d6c00000,0x00000000d6c80000)
 ParOldGen       total 68608K, used 41162K [0x0000000080000000, 0x0000000084300000, 0x00000000d5580000)
  object space 68608K, 59% used [0x0000000080000000,0x00000000828329f0,0x0000000084300000)
 Metaspace       used 58528K, committed 59776K, reserved 1114112K
  class space    used 7324K, committed 7872K, reserved 1048576K
}
Event: 18.902 GC heap after
{Heap after GC invocations=33 (full 2):
 PSYoungGen      total 19456K, used 503K [0x00000000d5580000, 0x00000000d6d00000, 0x0000000100000000)
  eden space 18944K, 0% used [0x00000000d5580000,0x00000000d5580000,0x00000000d6800000)
  from space 512K, 98% used [0x00000000d6c00000,0x00000000d6c7dd70,0x00000000d6c80000)
  to   space 512K, 0% used [0x00000000d6c80000,0x00000000d6c80000,0x00000000d6d00000)
 ParOldGen       total 68608K, used 41290K [0x0000000080000000, 0x0000000084300000, 0x00000000d5580000)
  object space 68608K, 60% used [0x0000000080000000,0x00000000828529f0,0x0000000084300000)
 Metaspace       used 58528K, committed 59776K, reserved 1114112K
  class space    used 7324K, committed 7872K, reserved 1048576K
}
Event: 18.902 GC heap before
{Heap before GC invocations=34 (full 3):
 PSYoungGen      total 19456K, used 503K [0x00000000d5580000, 0x00000000d6d00000, 0x0000000100000000)
  eden space 18944K, 0% used [0x00000000d5580000,0x00000000d5580000,0x00000000d6800000)
  from space 512K, 98% used [0x00000000d6c00000,0x00000000d6c7dd70,0x00000000d6c80000)
  to   space 512K, 0% used [0x00000000d6c80000,0x00000000d6c80000,0x00000000d6d00000)
 ParOldGen       total 68608K, used 41290K [0x0000000080000000, 0x0000000084300000, 0x00000000d5580000)
  object space 68608K, 60% used [0x0000000080000000,0x00000000828529f0,0x0000000084300000)
 Metaspace       used 58528K, committed 59776K, reserved 1114112K
  class space    used 7324K, committed 7872K, reserved 1048576K
}
Event: 18.965 GC heap after
{Heap after GC invocations=34 (full 3):
 PSYoungGen      total 19456K, used 0K [0x00000000d5580000, 0x00000000d6d00000, 0x0000000100000000)
  eden space 18944K, 0% used [0x00000000d5580000,0x00000000d5580000,0x00000000d6800000)
  from space 512K, 0% used [0x00000000d6c00000,0x00000000d6c00000,0x00000000d6c80000)
  to   space 512K, 0% used [0x00000000d6c80000,0x00000000d6c80000,0x00000000d6d00000)
 ParOldGen       total 68608K, used 38502K [0x0000000080000000, 0x0000000084300000, 0x00000000d5580000)
  object space 68608K, 56% used [0x0000000080000000,0x00000000825998c0,0x0000000084300000)
 Metaspace       used 58528K, committed 59776K, reserved 1114112K
  class space    used 7324K, committed 7872K, reserved 1048576K
}
Event: 19.243 GC heap before
{Heap before GC invocations=35 (full 3):
 PSYoungGen      total 19456K, used 18944K [0x00000000d5580000, 0x00000000d6d00000, 0x0000000100000000)
  eden space 18944K, 100% used [0x00000000d5580000,0x00000000d6800000,0x00000000d6800000)
  from space 512K, 0% used [0x00000000d6c00000,0x00000000d6c00000,0x00000000d6c80000)
  to   space 512K, 0% used [0x00000000d6c80000,0x00000000d6c80000,0x00000000d6d00000)
 ParOldGen       total 68608K, used 38502K [0x0000000080000000, 0x0000000084300000, 0x00000000d5580000)
  object space 68608K, 56% used [0x0000000080000000,0x00000000825998c0,0x0000000084300000)
 Metaspace       used 59100K, committed 60416K, reserved 1114112K
  class space    used 7428K, committed 8000K, reserved 1048576K
}
Event: 19.244 GC heap after
{Heap after GC invocations=35 (full 3):
 PSYoungGen      total 19456K, used 501K [0x00000000d5580000, 0x00000000d6d00000, 0x0000000100000000)
  eden space 18944K, 0% used [0x00000000d5580000,0x00000000d5580000,0x00000000d6800000)
  from space 512K, 98% used [0x00000000d6c80000,0x00000000d6cfd780,0x00000000d6d00000)
  to   space 1024K, 0% used [0x00000000d6b00000,0x00000000d6b00000,0x00000000d6c00000)
 ParOldGen       total 68608K, used 38770K [0x0000000080000000, 0x0000000084300000, 0x00000000d5580000)
  object space 68608K, 56% used [0x0000000080000000,0x00000000825dc9f8,0x0000000084300000)
 Metaspace       used 59100K, committed 60416K, reserved 1114112K
  class space    used 7428K, committed 8000K, reserved 1048576K
}
Event: 19.734 GC heap before
{Heap before GC invocations=36 (full 3):
 PSYoungGen      total 19456K, used 19445K [0x00000000d5580000, 0x00000000d6d00000, 0x0000000100000000)
  eden space 18944K, 100% used [0x00000000d5580000,0x00000000d6800000,0x00000000d6800000)
  from space 512K, 98% used [0x00000000d6c80000,0x00000000d6cfd780,0x00000000d6d00000)
  to   space 1024K, 0% used [0x00000000d6b00000,0x00000000d6b00000,0x00000000d6c00000)
 ParOldGen       total 68608K, used 38770K [0x0000000080000000, 0x0000000084300000, 0x00000000d5580000)
  object space 68608K, 56% used [0x0000000080000000,0x00000000825dc9f8,0x0000000084300000)
 Metaspace       used 59100K, committed 60416K, reserved 1114112K
  class space    used 7428K, committed 8000K, reserved 1048576K
}
Event: 19.735 GC heap after
{Heap after GC invocations=36 (full 3):
 PSYoungGen      total 19968K, used 261K [0x00000000d5580000, 0x00000000d6d00000, 0x0000000100000000)
  eden space 18944K, 0% used [0x00000000d5580000,0x00000000d5580000,0x00000000d6800000)
  from space 1024K, 25% used [0x00000000d6b00000,0x00000000d6b414d0,0x00000000d6c00000)
  to   space 512K, 0% used [0x00000000d6c80000,0x00000000d6c80000,0x00000000d6d00000)
 ParOldGen       total 68608K, used 38930K [0x0000000080000000, 0x0000000084300000, 0x00000000d5580000)
  object space 68608K, 56% used [0x0000000080000000,0x00000000826049f8,0x0000000084300000)
 Metaspace       used 59100K, committed 60416K, reserved 1114112K
  class space    used 7428K, committed 8000K, reserved 1048576K
}
Event: 20.029 GC heap before
{Heap before GC invocations=37 (full 3):
 PSYoungGen      total 19968K, used 19200K [0x00000000d5580000, 0x00000000d6d00000, 0x0000000100000000)
  eden space 18944K, 99% used [0x00000000d5580000,0x00000000d67fec58,0x00000000d6800000)
  from space 1024K, 25% used [0x00000000d6b00000,0x00000000d6b414d0,0x00000000d6c00000)
  to   space 512K, 0% used [0x00000000d6c80000,0x00000000d6c80000,0x00000000d6d00000)
 ParOldGen       total 68608K, used 38930K [0x0000000080000000, 0x0000000084300000, 0x00000000d5580000)
  object space 68608K, 56% used [0x0000000080000000,0x00000000826049f8,0x0000000084300000)
 Metaspace       used 59100K, committed 60416K, reserved 1114112K
  class space    used 7428K, committed 8000K, reserved 1048576K
}
Event: 20.031 GC heap after
{Heap after GC invocations=37 (full 3):
 PSYoungGen      total 19456K, used 160K [0x00000000d5580000, 0x00000000d6d00000, 0x0000000100000000)
  eden space 18944K, 0% used [0x00000000d5580000,0x00000000d5580000,0x00000000d6800000)
  from space 512K, 31% used [0x00000000d6c80000,0x00000000d6ca8000,0x00000000d6d00000)
  to   space 512K, 0% used [0x00000000d6c00000,0x00000000d6c00000,0x00000000d6c80000)
 ParOldGen       total 68608K, used 39004K [0x0000000080000000, 0x0000000084300000, 0x00000000d5580000)
  object space 68608K, 56% used [0x0000000080000000,0x0000000082617260,0x0000000084300000)
 Metaspace       used 59100K, committed 60416K, reserved 1114112K
  class space    used 7428K, committed 8000K, reserved 1048576K
}
Event: 20.293 GC heap before
{Heap before GC invocations=38 (full 3):
 PSYoungGen      total 19456K, used 19104K [0x00000000d5580000, 0x00000000d6d00000, 0x0000000100000000)
  eden space 18944K, 100% used [0x00000000d5580000,0x00000000d6800000,0x00000000d6800000)
  from space 512K, 31% used [0x00000000d6c80000,0x00000000d6ca8000,0x00000000d6d00000)
  to   space 512K, 0% used [0x00000000d6c00000,0x00000000d6c00000,0x00000000d6c80000)
 ParOldGen       total 68608K, used 39004K [0x0000000080000000, 0x0000000084300000, 0x00000000d5580000)
  object space 68608K, 56% used [0x0000000080000000,0x0000000082617260,0x0000000084300000)
 Metaspace       used 59100K, committed 60416K, reserved 1114112K
  class space    used 7428K, committed 8000K, reserved 1048576K
}
Event: 20.294 GC heap after
{Heap after GC invocations=38 (full 3):
 PSYoungGen      total 19456K, used 481K [0x00000000d5580000, 0x00000000d6d00000, 0x0000000100000000)
  eden space 18944K, 0% used [0x00000000d5580000,0x00000000d5580000,0x00000000d6800000)
  from space 512K, 94% used [0x00000000d6c00000,0x00000000d6c786e8,0x00000000d6c80000)
  to   space 512K, 0% used [0x00000000d6c80000,0x00000000d6c80000,0x00000000d6d00000)
 ParOldGen       total 68608K, used 39266K [0x0000000080000000, 0x0000000084300000, 0x00000000d5580000)
  object space 68608K, 57% used [0x0000000080000000,0x0000000082658830,0x0000000084300000)
 Metaspace       used 59100K, committed 60416K, reserved 1114112K
  class space    used 7428K, committed 8000K, reserved 1048576K
}

